{
  "RSpec": {
    "coverage": {
      "C:/Users/Lucas Franca/Documents/CES-29/casd/config/environment.rb": [
        null,
        1,
        null,
        null,
        1
      ],
      "C:/Users/Lucas Franca/Documents/CES-29/casd/config/environments/test.rb": [
        1,
        null,
        null,
        null,
        null,
        null,
        null,
        1,
        null,
        null,
        null,
        null,
        1,
        null,
        null,
        1,
        1,
        null,
        null,
        1,
        1,
        null,
        null,
        1,
        null,
        null,
        1,
        null,
        null,
        null,
        null,
        1,
        null,
        null,
        1,
        null,
        null,
        1,
        null,
        null,
        null,
        null,
        null,
        null
      ],
      "C:/Users/Lucas Franca/Documents/CES-29/casd/config/initializers/assets.rb": [
        null,
        null,
        null,
        1,
        null,
        null,
        null,
        null,
        null,
        null,
        null
      ],
      "C:/Users/Lucas Franca/Documents/CES-29/casd/config/initializers/backtrace_silencers.rb": [
        null,
        null,
        null,
        null,
        null,
        null,
        null
      ],
      "C:/Users/Lucas Franca/Documents/CES-29/casd/config/initializers/cookies_serializer.rb": [
        null,
        null,
        1
      ],
      "C:/Users/Lucas Franca/Documents/CES-29/casd/config/initializers/filter_parameter_logging.rb": [
        null,
        null,
        null,
        1
      ],
      "C:/Users/Lucas Franca/Documents/CES-29/casd/config/initializers/inflections.rb": [
        null,
        null,
        null,
        null,
        null,
        null,
        null,
        null,
        null,
        null,
        null,
        null,
        null,
        null,
        null,
        null,
        null,
        1,
        1,
        null
      ],
      "C:/Users/Lucas Franca/Documents/CES-29/casd/config/initializers/mime_types.rb": [
        null,
        null,
        null,
        null
      ],
      "C:/Users/Lucas Franca/Documents/CES-29/casd/config/initializers/session_store.rb": [
        null,
        null,
        1
      ],
      "C:/Users/Lucas Franca/Documents/CES-29/casd/config/initializers/wrap_parameters.rb": [
        null,
        null,
        null,
        null,
        null,
        null,
        1,
        1,
        null,
        null,
        null,
        null,
        null,
        null
      ],
      "C:/Users/Lucas Franca/Documents/CES-29/casd/config/routes.rb": [
        1,
        1,
        1,
        null,
        1,
        1,
        1,
        2,
        2,
        null,
        null,
        1,
        1,
        1,
        2,
        2,
        null,
        null,
        1,
        1,
        1,
        2,
        2,
        null,
        null,
        null,
        null,
        null,
        null,
        null,
        null,
        null,
        null,
        null,
        null,
        null,
        null,
        null,
        null,
        null,
        null,
        null,
        null,
        null,
        null,
        null,
        null,
        null,
        null,
        null,
        null,
        null,
        null,
        null,
        null,
        null,
        null,
        null,
        null,
        null,
        null,
        null,
        null,
        null,
        null,
        null,
        null,
        null,
        null,
        null,
        null,
        null,
        null,
        null,
        null,
        null,
        null,
        null
      ],
      "C:/Users/Lucas Franca/Documents/CES-29/casd/test/controllers/entrevistas_controller_test.rb": [
        null,
        1,
        null,
        1,
        1,
        7,
        null,
        null,
        1,
        1,
        1,
        1,
        null,
        null,
        1,
        1,
        1,
        null,
        null,
        1,
        1,
        1,
        null,
        null,
        0,
        null,
        null,
        1,
        1,
        1,
        null,
        null,
        1,
        1,
        1,
        null,
        null,
        1,
        1,
        1,
        null,
        null,
        1,
        1,
        1,
        null,
        null,
        1,
        null,
        null
      ],
      "C:/Users/Lucas Franca/Documents/CES-29/casd/test/controllers/pesquisas_controller_test.rb": [
        1,
        null,
        1,
        1,
        7,
        null,
        null,
        1,
        1,
        1,
        1,
        null,
        null,
        1,
        1,
        1,
        null,
        null,
        1,
        1,
        1,
        null,
        null,
        1,
        null,
        null,
        1,
        1,
        1,
        null,
        null,
        1,
        1,
        1,
        null,
        null,
        1,
        1,
        1,
        null,
        null,
        1,
        1,
        1,
        null,
        null,
        1,
        null,
        null
      ],
      "C:/Users/Lucas Franca/Documents/CES-29/casd/test/models/candidate_form_test.rb": [
        1,
        null,
        1,
        null,
        null,
        null,
        null
      ],
      "C:/Users/Lucas Franca/Documents/CES-29/casd/test/models/candidato_test.rb": [
        1,
        null,
        1,
        null,
        null,
        null,
        null
      ],
      "C:/Users/Lucas Franca/Documents/CES-29/casd/test/models/entrevista_test.rb": [
        1,
        null,
        1,
        null,
        null,
        null,
        null
      ],
      "C:/Users/Lucas Franca/Documents/CES-29/casd/app/models/candidato.rb": [
        1,
        1,
        0,
        null,
        0,
        null,
        0,
        0,
        0,
        null,
        null,
        null
      ],
      "C:/Users/Lucas Franca/Documents/CES-29/casd/app/models/entrevista.rb": [
        1,
        1,
        null,
        1,
        1,
        1,
        1,
        1,
        1,
        1,
        null,
        1,
        2,
        null,
        null,
        null,
        null
      ],
      "C:/Users/Lucas Franca/Documents/CES-29/casd/app/models/pesquisa.rb": [
        1,
        null
      ],
      "C:/Users/Lucas Franca/Documents/CES-29/casd/app/controllers/pesquisas_controller.rb": [
        1,
        1,
        null,
        null,
        null,
        1,
        1,
        null,
        null,
        null,
        null,
        1,
        null,
        null,
        null,
        1,
        1,
        null,
        null,
        1,
        0,
        null,
        1,
        0,
        0,
        0,
        null,
        null,
        null,
        1,
        null,
        null,
        null,
        null,
        1,
        1,
        null,
        1,
        1,
        2,
        1,
        null,
        0,
        0,
        null,
        null,
        null,
        null,
        null,
        null,
        1,
        1,
        1,
        2,
        1,
        null,
        0,
        0,
        null,
        null,
        null,
        null,
        null,
        null,
        1,
        1,
        1,
        2,
        1,
        null,
        null,
        null,
        1,
        null,
        1,
        4,
        null,
        null,
        null,
        1,
        2,
        null,
        null
      ],
      "C:/Users/Lucas Franca/Documents/CES-29/casd/app/controllers/application_controller.rb": [
        1,
        null,
        null,
        1,
        null
      ],
      "C:/Users/Lucas Franca/Documents/CES-29/casd/app/helpers/application_helper.rb": [
        1,
        null
      ],
      "C:/Users/Lucas Franca/Documents/CES-29/casd/app/helpers/candidate_forms_helper.rb": [
        1,
        null
      ],
      "C:/Users/Lucas Franca/Documents/CES-29/casd/app/helpers/candidatos_helper.rb": [
        1,
        null
      ],
      "C:/Users/Lucas Franca/Documents/CES-29/casd/app/helpers/entrevistas_helper.rb": [
        1,
        null
      ],
      "C:/Users/Lucas Franca/Documents/CES-29/casd/app/controllers/entrevistas_controller.rb": [
        1,
        1,
        null,
        null,
        null,
        1,
        1,
        null,
        null,
        null,
        null,
        1,
        null,
        null,
        null,
        1,
        1,
        null,
        null,
        1,
        0,
        null,
        1,
        0,
        0,
        0,
        null,
        null,
        null,
        1,
        null,
        null,
        null,
        null,
        1,
        1,
        null,
        1,
        1,
        0,
        0,
        null,
        2,
        1,
        null,
        null,
        null,
        null,
        null,
        null,
        1,
        1,
        1,
        0,
        0,
        null,
        2,
        1,
        null,
        null,
        null,
        null,
        null,
        null,
        1,
        1,
        1,
        2,
        1,
        null,
        null,
        null,
        1,
        null,
        1,
        4,
        null,
        null,
        null,
        1,
        2,
        null,
        null
      ],
      "C:/Users/Lucas Franca/Documents/CES-29/casd/app/controllers/candidatos_controller.rb": [
        1,
        1,
        null,
        null,
        null,
        1,
        1,
        null,
        null,
        null,
        null,
        1,
        null,
        null,
        null,
        1,
        1,
        null,
        null,
        1,
        0,
        null,
        1,
        0,
        0,
        0,
        null,
        null,
        1,
        null,
        null,
        1,
        null,
        null,
        1,
        0,
        0,
        null,
        null,
        null,
        null,
        1,
        1,
        null,
        1,
        1,
        2,
        1,
        null,
        0,
        0,
        null,
        null,
        null,
        null,
        null,
        null,
        1,
        1,
        1,
        2,
        1,
        null,
        0,
        0,
        null,
        null,
        null,
        null,
        null,
        null,
        1,
        1,
        1,
        2,
        1,
        null,
        null,
        null,
        1,
        null,
        1,
        4,
        null,
        null,
        null,
        1,
        2,
        null,
        null
      ]
    },
    "timestamp": 1496924990
  }
}
